Copyright 1986-2017 Xilinx, Inc. All Rights Reserved.
--------------------------------------------------------------------------------------------------------------------------------------------------------------------------------
| Tool Version : Vivado v.2017.4 (win64) Build 2086221 Fri Dec 15 20:55:39 MST 2017
| Date         : Wed Oct 25 21:02:40 2023
| Host         : LAPTOP-N4GO34NJ running 64-bit major release  (build 9200)
| Command      : report_methodology -file Data_selector8_methodology_drc_routed.rpt -pb Data_selector8_methodology_drc_routed.pb -rpx Data_selector8_methodology_drc_routed.rpx
| Design       : Data_selector8
| Device       : xc7a100tfgg484-1
| Speed File   : -1
| Design State : Routed
--------------------------------------------------------------------------------------------------------------------------------------------------------------------------------

Report Methodology

Table of Contents
-----------------
1. REPORT SUMMARY
2. REPORT DETAILS

1. REPORT SUMMARY
-----------------
            Netlist: netlist
          Floorplan: design_1
      Design limits: <entire design considered>
             Max violations: <unlimited>
             Violations found: 4
+-----------+----------+-------------------+------------+
| Rule      | Severity | Description       | Violations |
+-----------+----------+-------------------+------------+
| TIMING-20 | Warning  | Non-clocked latch | 4          |
+-----------+----------+-------------------+------------+

2. REPORT DETAILS
-----------------
TIMING-20#1 Warning
Non-clocked latch  
The latch out3_8_reg[0] cannot be properly analyzed as its control pin out3_8_reg[0]/G is not reached by a timing clock
Related violations: <none>

TIMING-20#2 Warning
Non-clocked latch  
The latch out3_8_reg[1] cannot be properly analyzed as its control pin out3_8_reg[1]/G is not reached by a timing clock
Related violations: <none>

TIMING-20#3 Warning
Non-clocked latch  
The latch out3_8_reg[2] cannot be properly analyzed as its control pin out3_8_reg[2]/G is not reached by a timing clock
Related violations: <none>

TIMING-20#4 Warning
Non-clocked latch  
The latch out3_8_reg[3] cannot be properly analyzed as its control pin out3_8_reg[3]/G is not reached by a timing clock
Related violations: <none>


