#-----------------------------------------------------------
# Vivado v2017.4 (64-bit)
# SW Build 2086221 on Fri Dec 15 20:55:39 MST 2017
# IP Build 2085800 on Fri Dec 15 22:25:07 MST 2017
# Start of session at: Tue Nov 28 19:38:39 2023
# Process ID: 29632
# Current directory: C:/Users/BaSO4/Desktop/study/2023-2024/project/project/BVM
# Command line: vivado.exe -gui_launcher_event rodinguilauncherevent40192 C:\Users\BaSO4\Desktop\study\2023-2024\project\project\BVM\BVM.xpr
# Log file: C:/Users/BaSO4/Desktop/study/2023-2024/project/project/BVM/vivado.log
# Journal file: C:/Users/BaSO4/Desktop/study/2023-2024/project/project/BVM\vivado.jou
#-----------------------------------------------------------
start_gui
open_project C:/Users/BaSO4/Desktop/study/2023-2024/project/project/BVM/BVM.xpr
Scanning sources...
Finished scanning sources
INFO: [IP_Flow 19-234] Refreshing IP repositories
INFO: [IP_Flow 19-1700] Loaded user IP repository 'c:/Users/BaSO4/Desktop/study/2023-2024/project/project/BVM'.
INFO: [IP_Flow 19-2313] Loaded Vivado IP repository 'D:/Xlinx/Vivado/2017.4/data/ip'.
open_project: Time (s): cpu = 00:00:03 ; elapsed = 00:00:05 . Memory (MB): peak = 815.375 ; gain = 105.934
update_compile_order -fileset sources_1
launch_simulation
INFO: [Vivado 12-5682] Launching behavioral simulation in 'C:/Users/BaSO4/Desktop/study/2023-2024/project/project/BVM/BVM.sim/sim_1/behav/xsim'
INFO: [SIM-utils-51] Simulation object is 'sim_1'
INFO: [SIM-utils-54] Inspecting design source files for 'BVM_sim' in fileset 'sim_1'...
INFO: [USF-XSim-97] Finding global include files...
INFO: [USF-XSim-98] Fetching design files from 'sim_1'...
INFO: [USF-XSim-2] XSim::Compile design
INFO: [USF-XSim-61] Executing 'COMPILE and ANALYZE' step in 'C:/Users/BaSO4/Desktop/study/2023-2024/project/project/BVM/BVM.sim/sim_1/behav/xsim'
"xvlog --incr --relax -prj BVM_sim_vlog.prj"
INFO: [VRFC 10-2263] Analyzing Verilog file "C:/Users/BaSO4/Desktop/study/2023-2024/project/project/BVM/BVM.srcs/sources_1/new/BVM.v" into library xil_defaultlib
INFO: [VRFC 10-311] analyzing module BVM
WARNING: [VRFC 10-986] literal value truncated to fit in 2 bits [C:/Users/BaSO4/Desktop/study/2023-2024/project/project/BVM/BVM.srcs/sources_1/new/BVM.v:33]
INFO: [VRFC 10-2263] Analyzing Verilog file "C:/Users/BaSO4/Desktop/study/2023-2024/project/project/BVM/BVM.srcs/sim_1/new/BVM_sim.v" into library xil_defaultlib
INFO: [VRFC 10-311] analyzing module BVM_sim
INFO: [USF-XSim-69] 'compile' step finished in '1' seconds
INFO: [USF-XSim-3] XSim::Elaborate design
INFO: [USF-XSim-61] Executing 'ELABORATE' step in 'C:/Users/BaSO4/Desktop/study/2023-2024/project/project/BVM/BVM.sim/sim_1/behav/xsim'
Vivado Simulator 2017.4
Copyright 1986-1999, 2001-2016 Xilinx, Inc. All Rights Reserved.
Running: D:/Xlinx/Vivado/2017.4/bin/unwrapped/win64.o/xelab.exe -wto e468c868a947401aae5334fb1e2e8126 --incr --debug typical --relax --mt 2 -L xil_defaultlib -L unisims_ver -L unimacro_ver -L secureip --snapshot BVM_sim_behav xil_defaultlib.BVM_sim xil_defaultlib.glbl -log elaborate.log 
Using 2 slave threads.
Starting static elaboration
Completed static elaboration
Starting simulation data flow analysis
Completed simulation data flow analysis
Time Resolution for simulation is 1ps
Compiling module xil_defaultlib.BVM
Compiling module xil_defaultlib.BVM_sim
Compiling module xil_defaultlib.glbl
Built simulation snapshot BVM_sim_behav

****** Webtalk v2017.4 (64-bit)
  **** SW Build 2086221 on Fri Dec 15 20:55:39 MST 2017
  **** IP Build 2085800 on Fri Dec 15 22:25:07 MST 2017
    ** Copyright 1986-2017 Xilinx, Inc. All Rights Reserved.

source C:/Users/BaSO4/Desktop/study/2023-2024/project/project/BVM/BVM.sim/sim_1/behav/xsim/xsim.dir/BVM_sim_behav/webtalk/xsim_webtalk.tcl -notrace
INFO: [Common 17-206] Exiting Webtalk at Tue Nov 28 19:50:20 2023...
INFO: [USF-XSim-69] 'elaborate' step finished in '5' seconds
INFO: [USF-XSim-4] XSim::Simulate design
INFO: [USF-XSim-61] Executing 'SIMULATE' step in 'C:/Users/BaSO4/Desktop/study/2023-2024/project/project/BVM/BVM.sim/sim_1/behav/xsim'
INFO: [USF-XSim-98] *** Running xsim
   with args "BVM_sim_behav -key {Behavioral:sim_1:Functional:BVM_sim} -tclbatch {BVM_sim.tcl} -log {simulate.log}"
INFO: [USF-XSim-8] Loading simulator feature
Vivado Simulator 2017.4
Time resolution is 1 ps
source BVM_sim.tcl
# set curr_wave [current_wave_config]
# if { [string length $curr_wave] == 0 } {
#   if { [llength [get_objects]] > 0} {
#     add_wave /
#     set_property needs_save false [current_wave_config]
#   } else {
#      send_msg_id Add_Wave-1 WARNING "No top level signals found. Simulator will start without a wave window. If you want to open a wave window go to 'File->New Waveform Configuration' or type 'create_wave_config' in the TCL console."
#   }
# }
# run 1000ns
INFO: [USF-XSim-96] XSim completed. Design snapshot 'BVM_sim_behav' loaded.
INFO: [USF-XSim-97] XSim simulation ran for 1000ns
launch_simulation: Time (s): cpu = 00:00:01 ; elapsed = 00:00:11 . Memory (MB): peak = 838.234 ; gain = 0.367
close_sim
INFO: [Simtcl 6-16] Simulation closed
launch_simulation
INFO: [Vivado 12-5682] Launching behavioral simulation in 'C:/Users/BaSO4/Desktop/study/2023-2024/project/project/BVM/BVM.sim/sim_1/behav/xsim'
INFO: [SIM-utils-51] Simulation object is 'sim_1'
INFO: [SIM-utils-54] Inspecting design source files for 'BVM_sim' in fileset 'sim_1'...
INFO: [USF-XSim-97] Finding global include files...
INFO: [USF-XSim-98] Fetching design files from 'sim_1'...
INFO: [USF-XSim-2] XSim::Compile design
INFO: [USF-XSim-61] Executing 'COMPILE and ANALYZE' step in 'C:/Users/BaSO4/Desktop/study/2023-2024/project/project/BVM/BVM.sim/sim_1/behav/xsim'
"xvlog --incr --relax -prj BVM_sim_vlog.prj"
INFO: [VRFC 10-2263] Analyzing Verilog file "C:/Users/BaSO4/Desktop/study/2023-2024/project/project/BVM/BVM.srcs/sources_1/new/BVM.v" into library xil_defaultlib
INFO: [VRFC 10-311] analyzing module BVM
WARNING: [VRFC 10-986] literal value truncated to fit in 2 bits [C:/Users/BaSO4/Desktop/study/2023-2024/project/project/BVM/BVM.srcs/sources_1/new/BVM.v:33]
INFO: [VRFC 10-2263] Analyzing Verilog file "C:/Users/BaSO4/Desktop/study/2023-2024/project/project/BVM/BVM.srcs/sim_1/new/BVM_sim.v" into library xil_defaultlib
INFO: [VRFC 10-311] analyzing module BVM_sim
INFO: [USF-XSim-69] 'compile' step finished in '1' seconds
INFO: [USF-XSim-3] XSim::Elaborate design
INFO: [USF-XSim-61] Executing 'ELABORATE' step in 'C:/Users/BaSO4/Desktop/study/2023-2024/project/project/BVM/BVM.sim/sim_1/behav/xsim'
Vivado Simulator 2017.4
Copyright 1986-1999, 2001-2016 Xilinx, Inc. All Rights Reserved.
Running: D:/Xlinx/Vivado/2017.4/bin/unwrapped/win64.o/xelab.exe -wto e468c868a947401aae5334fb1e2e8126 --incr --debug typical --relax --mt 2 -L xil_defaultlib -L unisims_ver -L unimacro_ver -L secureip --snapshot BVM_sim_behav xil_defaultlib.BVM_sim xil_defaultlib.glbl -log elaborate.log 
Using 2 slave threads.
Starting static elaboration
Completed static elaboration
Starting simulation data flow analysis
Completed simulation data flow analysis
Time Resolution for simulation is 1ps
Compiling module xil_defaultlib.BVM
Compiling module xil_defaultlib.BVM_sim
Compiling module xil_defaultlib.glbl
Built simulation snapshot BVM_sim_behav
INFO: [USF-XSim-69] 'elaborate' step finished in '2' seconds
INFO: [USF-XSim-4] XSim::Simulate design
INFO: [USF-XSim-61] Executing 'SIMULATE' step in 'C:/Users/BaSO4/Desktop/study/2023-2024/project/project/BVM/BVM.sim/sim_1/behav/xsim'
INFO: [USF-XSim-98] *** Running xsim
   with args "BVM_sim_behav -key {Behavioral:sim_1:Functional:BVM_sim} -tclbatch {BVM_sim.tcl} -log {simulate.log}"
INFO: [USF-XSim-8] Loading simulator feature
Vivado Simulator 2017.4
Time resolution is 1 ps
source BVM_sim.tcl
# set curr_wave [current_wave_config]
# if { [string length $curr_wave] == 0 } {
#   if { [llength [get_objects]] > 0} {
#     add_wave /
#     set_property needs_save false [current_wave_config]
#   } else {
#      send_msg_id Add_Wave-1 WARNING "No top level signals found. Simulator will start without a wave window. If you want to open a wave window go to 'File->New Waveform Configuration' or type 'create_wave_config' in the TCL console."
#   }
# }
# run 1000ns
INFO: [USF-XSim-96] XSim completed. Design snapshot 'BVM_sim_behav' loaded.
INFO: [USF-XSim-97] XSim simulation ran for 1000ns
close_sim
INFO: [Simtcl 6-16] Simulation closed
launch_simulation
INFO: [Vivado 12-5682] Launching behavioral simulation in 'C:/Users/BaSO4/Desktop/study/2023-2024/project/project/BVM/BVM.sim/sim_1/behav/xsim'
INFO: [SIM-utils-51] Simulation object is 'sim_1'
INFO: [SIM-utils-54] Inspecting design source files for 'BVM_sim' in fileset 'sim_1'...
INFO: [USF-XSim-97] Finding global include files...
INFO: [USF-XSim-98] Fetching design files from 'sim_1'...
INFO: [USF-XSim-2] XSim::Compile design
INFO: [USF-XSim-61] Executing 'COMPILE and ANALYZE' step in 'C:/Users/BaSO4/Desktop/study/2023-2024/project/project/BVM/BVM.sim/sim_1/behav/xsim'
"xvlog --incr --relax -prj BVM_sim_vlog.prj"
INFO: [VRFC 10-2263] Analyzing Verilog file "C:/Users/BaSO4/Desktop/study/2023-2024/project/project/BVM/BVM.srcs/sources_1/new/BVM.v" into library xil_defaultlib
INFO: [VRFC 10-311] analyzing module BVM
WARNING: [VRFC 10-986] literal value truncated to fit in 2 bits [C:/Users/BaSO4/Desktop/study/2023-2024/project/project/BVM/BVM.srcs/sources_1/new/BVM.v:33]
INFO: [VRFC 10-2263] Analyzing Verilog file "C:/Users/BaSO4/Desktop/study/2023-2024/project/project/BVM/BVM.srcs/sim_1/new/BVM_sim.v" into library xil_defaultlib
INFO: [VRFC 10-311] analyzing module BVM_sim
INFO: [USF-XSim-69] 'compile' step finished in '1' seconds
INFO: [USF-XSim-3] XSim::Elaborate design
INFO: [USF-XSim-61] Executing 'ELABORATE' step in 'C:/Users/BaSO4/Desktop/study/2023-2024/project/project/BVM/BVM.sim/sim_1/behav/xsim'
Vivado Simulator 2017.4
Copyright 1986-1999, 2001-2016 Xilinx, Inc. All Rights Reserved.
Running: D:/Xlinx/Vivado/2017.4/bin/unwrapped/win64.o/xelab.exe -wto e468c868a947401aae5334fb1e2e8126 --incr --debug typical --relax --mt 2 -L xil_defaultlib -L unisims_ver -L unimacro_ver -L secureip --snapshot BVM_sim_behav xil_defaultlib.BVM_sim xil_defaultlib.glbl -log elaborate.log 
Using 2 slave threads.
Starting static elaboration
Completed static elaboration
Starting simulation data flow analysis
Completed simulation data flow analysis
Time Resolution for simulation is 1ps
Compiling module xil_defaultlib.BVM
Compiling module xil_defaultlib.BVM_sim
Compiling module xil_defaultlib.glbl
Built simulation snapshot BVM_sim_behav
INFO: [USF-XSim-69] 'elaborate' step finished in '1' seconds
INFO: [USF-XSim-4] XSim::Simulate design
INFO: [USF-XSim-61] Executing 'SIMULATE' step in 'C:/Users/BaSO4/Desktop/study/2023-2024/project/project/BVM/BVM.sim/sim_1/behav/xsim'
INFO: [USF-XSim-98] *** Running xsim
   with args "BVM_sim_behav -key {Behavioral:sim_1:Functional:BVM_sim} -tclbatch {BVM_sim.tcl} -log {simulate.log}"
INFO: [USF-XSim-8] Loading simulator feature
Vivado Simulator 2017.4
Time resolution is 1 ps
source BVM_sim.tcl
# set curr_wave [current_wave_config]
# if { [string length $curr_wave] == 0 } {
#   if { [llength [get_objects]] > 0} {
#     add_wave /
#     set_property needs_save false [current_wave_config]
#   } else {
#      send_msg_id Add_Wave-1 WARNING "No top level signals found. Simulator will start without a wave window. If you want to open a wave window go to 'File->New Waveform Configuration' or type 'create_wave_config' in the TCL console."
#   }
# }
# run 1000ns
INFO: [USF-XSim-96] XSim completed. Design snapshot 'BVM_sim_behav' loaded.
INFO: [USF-XSim-97] XSim simulation ran for 1000ns
ipx::package_project -root_dir c:/users/baso4/desktop/study/2023-2024/project/project/bvm/bvm.srcs -vendor xilinx.com -library user -taxonomy /UserIP
INFO: [IP_Flow 19-4753] Inferred signal 'reset' from port 'RSTN' as interface 'RSTN'.
INFO: [IP_Flow 19-4728] Bus Interface 'RSTN': Added interface parameter 'POLARITY' with value 'ACTIVE_LOW'.
INFO: [IP_Flow 19-4753] Inferred signal 'clock' from port 'CLK' as interface 'CLK'.
INFO: [IP_Flow 19-4728] Bus Interface 'CLK': Added interface parameter 'ASSOCIATED_RESET' with value 'RSTN'.
set_property core_revision 2 [ipx::current_core]
ipx::create_xgui_files [ipx::current_core]
ipx::update_checksums [ipx::current_core]
ipx::save_core [ipx::current_core]
update_ip_catalog -rebuild -repo_path c:/Users/BaSO4/Desktop/study/2023-2024/project/project/BVM
INFO: [IP_Flow 19-725] Reloaded user IP repository 'c:/Users/BaSO4/Desktop/study/2023-2024/project/project/BVM'
CRITICAL WARNING: [IP_Flow 19-1663] Duplicate IP found for 'xilinx.com:user:BVM:1.0'. The one found in IP location 'c:/Users/BaSO4/Desktop/study/2023-2024/project/project/BVM' will take precedence over the same IP in location c:/Users/BaSO4/Desktop/study/2023-2024/project/project/BVM/BVM.srcs
close_sim
INFO: [Simtcl 6-16] Simulation closed
ipx::unload_core c:/users/baso4/desktop/study/2023-2024/project/project/bvm/bvm.srcs/component.xml
launch_simulation
INFO: [Vivado 12-5682] Launching behavioral simulation in 'C:/Users/BaSO4/Desktop/study/2023-2024/project/project/BVM/BVM.sim/sim_1/behav/xsim'
INFO: [SIM-utils-51] Simulation object is 'sim_1'
INFO: [SIM-utils-54] Inspecting design source files for 'BVM_sim' in fileset 'sim_1'...
INFO: [USF-XSim-97] Finding global include files...
INFO: [USF-XSim-98] Fetching design files from 'sim_1'...
INFO: [USF-XSim-2] XSim::Compile design
INFO: [USF-XSim-61] Executing 'COMPILE and ANALYZE' step in 'C:/Users/BaSO4/Desktop/study/2023-2024/project/project/BVM/BVM.sim/sim_1/behav/xsim'
"xvlog --incr --relax -prj BVM_sim_vlog.prj"
INFO: [VRFC 10-2263] Analyzing Verilog file "C:/Users/BaSO4/Desktop/study/2023-2024/project/project/BVM/BVM.srcs/sources_1/new/BVM.v" into library xil_defaultlib
INFO: [VRFC 10-311] analyzing module BVM
WARNING: [VRFC 10-986] literal value truncated to fit in 2 bits [C:/Users/BaSO4/Desktop/study/2023-2024/project/project/BVM/BVM.srcs/sources_1/new/BVM.v:33]
INFO: [VRFC 10-2263] Analyzing Verilog file "C:/Users/BaSO4/Desktop/study/2023-2024/project/project/BVM/BVM.srcs/sim_1/new/BVM_sim.v" into library xil_defaultlib
INFO: [VRFC 10-311] analyzing module BVM_sim
INFO: [USF-XSim-69] 'compile' step finished in '1' seconds
INFO: [USF-XSim-3] XSim::Elaborate design
INFO: [USF-XSim-61] Executing 'ELABORATE' step in 'C:/Users/BaSO4/Desktop/study/2023-2024/project/project/BVM/BVM.sim/sim_1/behav/xsim'
Vivado Simulator 2017.4
Copyright 1986-1999, 2001-2016 Xilinx, Inc. All Rights Reserved.
Running: D:/Xlinx/Vivado/2017.4/bin/unwrapped/win64.o/xelab.exe -wto e468c868a947401aae5334fb1e2e8126 --incr --debug typical --relax --mt 2 -L xil_defaultlib -L unisims_ver -L unimacro_ver -L secureip --snapshot BVM_sim_behav xil_defaultlib.BVM_sim xil_defaultlib.glbl -log elaborate.log 
Using 2 slave threads.
Starting static elaboration
Completed static elaboration
Starting simulation data flow analysis
Completed simulation data flow analysis
Time Resolution for simulation is 1ps
Compiling module xil_defaultlib.BVM
Compiling module xil_defaultlib.BVM_sim
Compiling module xil_defaultlib.glbl
Built simulation snapshot BVM_sim_behav
INFO: [USF-XSim-69] 'elaborate' step finished in '1' seconds
INFO: [USF-XSim-4] XSim::Simulate design
INFO: [USF-XSim-61] Executing 'SIMULATE' step in 'C:/Users/BaSO4/Desktop/study/2023-2024/project/project/BVM/BVM.sim/sim_1/behav/xsim'
INFO: [USF-XSim-98] *** Running xsim
   with args "BVM_sim_behav -key {Behavioral:sim_1:Functional:BVM_sim} -tclbatch {BVM_sim.tcl} -log {simulate.log}"
INFO: [USF-XSim-8] Loading simulator feature
Vivado Simulator 2017.4
Time resolution is 1 ps
source BVM_sim.tcl
# set curr_wave [current_wave_config]
# if { [string length $curr_wave] == 0 } {
#   if { [llength [get_objects]] > 0} {
#     add_wave /
#     set_property needs_save false [current_wave_config]
#   } else {
#      send_msg_id Add_Wave-1 WARNING "No top level signals found. Simulator will start without a wave window. If you want to open a wave window go to 'File->New Waveform Configuration' or type 'create_wave_config' in the TCL console."
#   }
# }
# run 1000ns
INFO: [USF-XSim-96] XSim completed. Design snapshot 'BVM_sim_behav' loaded.
INFO: [USF-XSim-97] XSim simulation ran for 1000ns
close_sim
INFO: [Simtcl 6-16] Simulation closed
launch_simulation
INFO: [Vivado 12-5682] Launching behavioral simulation in 'C:/Users/BaSO4/Desktop/study/2023-2024/project/project/BVM/BVM.sim/sim_1/behav/xsim'
INFO: [SIM-utils-51] Simulation object is 'sim_1'
INFO: [SIM-utils-54] Inspecting design source files for 'BVM_sim' in fileset 'sim_1'...
INFO: [USF-XSim-97] Finding global include files...
INFO: [USF-XSim-98] Fetching design files from 'sim_1'...
INFO: [USF-XSim-2] XSim::Compile design
INFO: [USF-XSim-61] Executing 'COMPILE and ANALYZE' step in 'C:/Users/BaSO4/Desktop/study/2023-2024/project/project/BVM/BVM.sim/sim_1/behav/xsim'
"xvlog --incr --relax -prj BVM_sim_vlog.prj"
INFO: [VRFC 10-2263] Analyzing Verilog file "C:/Users/BaSO4/Desktop/study/2023-2024/project/project/BVM/BVM.srcs/sources_1/new/BVM.v" into library xil_defaultlib
INFO: [VRFC 10-311] analyzing module BVM
WARNING: [VRFC 10-986] literal value truncated to fit in 2 bits [C:/Users/BaSO4/Desktop/study/2023-2024/project/project/BVM/BVM.srcs/sources_1/new/BVM.v:33]
INFO: [VRFC 10-2263] Analyzing Verilog file "C:/Users/BaSO4/Desktop/study/2023-2024/project/project/BVM/BVM.srcs/sim_1/new/BVM_sim.v" into library xil_defaultlib
INFO: [VRFC 10-311] analyzing module BVM_sim
INFO: [USF-XSim-69] 'compile' step finished in '1' seconds
INFO: [USF-XSim-3] XSim::Elaborate design
INFO: [USF-XSim-61] Executing 'ELABORATE' step in 'C:/Users/BaSO4/Desktop/study/2023-2024/project/project/BVM/BVM.sim/sim_1/behav/xsim'
Vivado Simulator 2017.4
Copyright 1986-1999, 2001-2016 Xilinx, Inc. All Rights Reserved.
Running: D:/Xlinx/Vivado/2017.4/bin/unwrapped/win64.o/xelab.exe -wto e468c868a947401aae5334fb1e2e8126 --incr --debug typical --relax --mt 2 -L xil_defaultlib -L unisims_ver -L unimacro_ver -L secureip --snapshot BVM_sim_behav xil_defaultlib.BVM_sim xil_defaultlib.glbl -log elaborate.log 
Using 2 slave threads.
Starting static elaboration
Completed static elaboration
Starting simulation data flow analysis
Completed simulation data flow analysis
Time Resolution for simulation is 1ps
Compiling module xil_defaultlib.BVM
Compiling module xil_defaultlib.BVM_sim
Compiling module xil_defaultlib.glbl
Built simulation snapshot BVM_sim_behav
INFO: [USF-XSim-69] 'elaborate' step finished in '1' seconds
INFO: [USF-XSim-4] XSim::Simulate design
INFO: [USF-XSim-61] Executing 'SIMULATE' step in 'C:/Users/BaSO4/Desktop/study/2023-2024/project/project/BVM/BVM.sim/sim_1/behav/xsim'
INFO: [USF-XSim-98] *** Running xsim
   with args "BVM_sim_behav -key {Behavioral:sim_1:Functional:BVM_sim} -tclbatch {BVM_sim.tcl} -log {simulate.log}"
INFO: [USF-XSim-8] Loading simulator feature
Vivado Simulator 2017.4
Time resolution is 1 ps
source BVM_sim.tcl
# set curr_wave [current_wave_config]
# if { [string length $curr_wave] == 0 } {
#   if { [llength [get_objects]] > 0} {
#     add_wave /
#     set_property needs_save false [current_wave_config]
#   } else {
#      send_msg_id Add_Wave-1 WARNING "No top level signals found. Simulator will start without a wave window. If you want to open a wave window go to 'File->New Waveform Configuration' or type 'create_wave_config' in the TCL console."
#   }
# }
# run 1000ns
INFO: [USF-XSim-96] XSim completed. Design snapshot 'BVM_sim_behav' loaded.
INFO: [USF-XSim-97] XSim simulation ran for 1000ns
close_sim
INFO: [Simtcl 6-16] Simulation closed
launch_simulation
INFO: [Vivado 12-5682] Launching behavioral simulation in 'C:/Users/BaSO4/Desktop/study/2023-2024/project/project/BVM/BVM.sim/sim_1/behav/xsim'
INFO: [SIM-utils-51] Simulation object is 'sim_1'
INFO: [SIM-utils-54] Inspecting design source files for 'BVM_sim' in fileset 'sim_1'...
INFO: [USF-XSim-97] Finding global include files...
INFO: [USF-XSim-98] Fetching design files from 'sim_1'...
INFO: [USF-XSim-2] XSim::Compile design
INFO: [USF-XSim-61] Executing 'COMPILE and ANALYZE' step in 'C:/Users/BaSO4/Desktop/study/2023-2024/project/project/BVM/BVM.sim/sim_1/behav/xsim'
"xvlog --incr --relax -prj BVM_sim_vlog.prj"
INFO: [VRFC 10-2263] Analyzing Verilog file "C:/Users/BaSO4/Desktop/study/2023-2024/project/project/BVM/BVM.srcs/sources_1/new/BVM.v" into library xil_defaultlib
INFO: [VRFC 10-311] analyzing module BVM
WARNING: [VRFC 10-986] literal value truncated to fit in 2 bits [C:/Users/BaSO4/Desktop/study/2023-2024/project/project/BVM/BVM.srcs/sources_1/new/BVM.v:33]
INFO: [VRFC 10-2263] Analyzing Verilog file "C:/Users/BaSO4/Desktop/study/2023-2024/project/project/BVM/BVM.srcs/sim_1/new/BVM_sim.v" into library xil_defaultlib
INFO: [VRFC 10-311] analyzing module BVM_sim
INFO: [USF-XSim-69] 'compile' step finished in '1' seconds
INFO: [USF-XSim-3] XSim::Elaborate design
INFO: [USF-XSim-61] Executing 'ELABORATE' step in 'C:/Users/BaSO4/Desktop/study/2023-2024/project/project/BVM/BVM.sim/sim_1/behav/xsim'
Vivado Simulator 2017.4
Copyright 1986-1999, 2001-2016 Xilinx, Inc. All Rights Reserved.
Running: D:/Xlinx/Vivado/2017.4/bin/unwrapped/win64.o/xelab.exe -wto e468c868a947401aae5334fb1e2e8126 --incr --debug typical --relax --mt 2 -L xil_defaultlib -L unisims_ver -L unimacro_ver -L secureip --snapshot BVM_sim_behav xil_defaultlib.BVM_sim xil_defaultlib.glbl -log elaborate.log 
Using 2 slave threads.
Starting static elaboration
Completed static elaboration
Starting simulation data flow analysis
Completed simulation data flow analysis
Time Resolution for simulation is 1ps
Compiling module xil_defaultlib.BVM
Compiling module xil_defaultlib.BVM_sim
Compiling module xil_defaultlib.glbl
Built simulation snapshot BVM_sim_behav
INFO: [USF-XSim-69] 'elaborate' step finished in '2' seconds
INFO: [USF-XSim-4] XSim::Simulate design
INFO: [USF-XSim-61] Executing 'SIMULATE' step in 'C:/Users/BaSO4/Desktop/study/2023-2024/project/project/BVM/BVM.sim/sim_1/behav/xsim'
INFO: [USF-XSim-98] *** Running xsim
   with args "BVM_sim_behav -key {Behavioral:sim_1:Functional:BVM_sim} -tclbatch {BVM_sim.tcl} -log {simulate.log}"
INFO: [USF-XSim-8] Loading simulator feature
Vivado Simulator 2017.4
Time resolution is 1 ps
source BVM_sim.tcl
# set curr_wave [current_wave_config]
# if { [string length $curr_wave] == 0 } {
#   if { [llength [get_objects]] > 0} {
#     add_wave /
#     set_property needs_save false [current_wave_config]
#   } else {
#      send_msg_id Add_Wave-1 WARNING "No top level signals found. Simulator will start without a wave window. If you want to open a wave window go to 'File->New Waveform Configuration' or type 'create_wave_config' in the TCL console."
#   }
# }
# run 1000ns
INFO: [USF-XSim-96] XSim completed. Design snapshot 'BVM_sim_behav' loaded.
INFO: [USF-XSim-97] XSim simulation ran for 1000ns
close_sim
INFO: [Simtcl 6-16] Simulation closed
exit
INFO: [Common 17-206] Exiting Vivado at Tue Nov 28 22:55:06 2023...
