#-----------------------------------------------------------
# Vivado v2017.4 (64-bit)
# SW Build 2086221 on Fri Dec 15 20:55:39 MST 2017
# IP Build 2085800 on Fri Dec 15 22:25:07 MST 2017
# Start of session at: Wed Nov 15 15:39:09 2023
# Process ID: 136916
# Current directory: C:/Users/BaSO4/Desktop/study/2023-2024/project/project/reg/dffe
# Command line: vivado.exe -gui_launcher_event rodinguilauncherevent101104 C:\Users\BaSO4\Desktop\study\2023-2024\project\project\reg\dffe\dffe.xpr
# Log file: C:/Users/BaSO4/Desktop/study/2023-2024/project/project/reg/dffe/vivado.log
# Journal file: C:/Users/BaSO4/Desktop/study/2023-2024/project/project/reg/dffe\vivado.jou
#-----------------------------------------------------------
start_gui
open_project C:/Users/BaSO4/Desktop/study/2023-2024/project/project/reg/dffe/dffe.xpr
INFO: [Project 1-313] Project file moved from 'C:/Users/BaSO4/Desktop/study/2023-2024/project/project/dffe' since last save.
Scanning sources...
Finished scanning sources
INFO: [IP_Flow 19-234] Refreshing IP repositories
INFO: [IP_Flow 19-1700] Loaded user IP repository 'c:/Users/BaSO4/Desktop/study/2023-2024/project/project/reg/dffe'.
INFO: [IP_Flow 19-2313] Loaded Vivado IP repository 'D:/Xlinx/Vivado/2017.4/data/ip'.
update_compile_order -fileset sources_1
launch_simulation
INFO: [Vivado 12-5682] Launching behavioral simulation in 'C:/Users/BaSO4/Desktop/study/2023-2024/project/project/reg/dffe/dffe.sim/sim_1/behav/xsim'
INFO: [SIM-utils-51] Simulation object is 'sim_1'
INFO: [SIM-utils-54] Inspecting design source files for 'dffe_sim' in fileset 'sim_1'...
INFO: [USF-XSim-97] Finding global include files...
INFO: [USF-XSim-98] Fetching design files from 'sim_1'...
INFO: [USF-XSim-2] XSim::Compile design
INFO: [USF-XSim-61] Executing 'COMPILE and ANALYZE' step in 'C:/Users/BaSO4/Desktop/study/2023-2024/project/project/reg/dffe/dffe.sim/sim_1/behav/xsim'
"xvlog --incr --relax -prj dffe_sim_vlog.prj"
INFO: [VRFC 10-2263] Analyzing Verilog file "C:/Users/BaSO4/Desktop/study/2023-2024/project/project/reg/dffe/dffe.srcs/sources_1/new/dffe.v" into library xil_defaultlib
INFO: [VRFC 10-311] analyzing module dffe
INFO: [VRFC 10-2263] Analyzing Verilog file "C:/Users/BaSO4/Desktop/study/2023-2024/project/project/reg/dffe/dffe.srcs/sim_1/new/dffe_sim.v" into library xil_defaultlib
INFO: [VRFC 10-311] analyzing module dffe_sim
INFO: [VRFC 10-2263] Analyzing Verilog file "C:/Users/BaSO4/Desktop/study/2023-2024/project/project/reg/dffe/dffe.sim/sim_1/behav/xsim/glbl.v" into library xil_defaultlib
INFO: [VRFC 10-311] analyzing module glbl
INFO: [USF-XSim-69] 'compile' step finished in '1' seconds
INFO: [USF-XSim-3] XSim::Elaborate design
INFO: [USF-XSim-61] Executing 'ELABORATE' step in 'C:/Users/BaSO4/Desktop/study/2023-2024/project/project/reg/dffe/dffe.sim/sim_1/behav/xsim'
Vivado Simulator 2017.4
Copyright 1986-1999, 2001-2016 Xilinx, Inc. All Rights Reserved.
Running: D:/Xlinx/Vivado/2017.4/bin/unwrapped/win64.o/xelab.exe -wto db618dc9392048e98cf5fd8f64a0409b --incr --debug typical --relax --mt 2 -L xil_defaultlib -L unisims_ver -L unimacro_ver -L secureip --snapshot dffe_sim_behav xil_defaultlib.dffe_sim xil_defaultlib.glbl -log elaborate.log 
Using 2 slave threads.
Starting static elaboration
Completed static elaboration
Starting simulation data flow analysis
Completed simulation data flow analysis
Time Resolution for simulation is 1ps
Compiling module xil_defaultlib.dffe
Compiling module xil_defaultlib.dffe_sim
Compiling module xil_defaultlib.glbl
Built simulation snapshot dffe_sim_behav

****** Webtalk v2017.4 (64-bit)
  **** SW Build 2086221 on Fri Dec 15 20:55:39 MST 2017
  **** IP Build 2085800 on Fri Dec 15 22:25:07 MST 2017
    ** Copyright 1986-2017 Xilinx, Inc. All Rights Reserved.

source C:/Users/BaSO4/Desktop/study/2023-2024/project/project/reg/dffe/dffe.sim/sim_1/behav/xsim/xsim.dir/dffe_sim_behav/webtalk/xsim_webtalk.tcl -notrace
INFO: [Common 17-206] Exiting Webtalk at Wed Nov 15 16:05:33 2023...
INFO: [USF-XSim-69] 'elaborate' step finished in '5' seconds
INFO: [USF-XSim-4] XSim::Simulate design
INFO: [USF-XSim-61] Executing 'SIMULATE' step in 'C:/Users/BaSO4/Desktop/study/2023-2024/project/project/reg/dffe/dffe.sim/sim_1/behav/xsim'
INFO: [USF-XSim-98] *** Running xsim
   with args "dffe_sim_behav -key {Behavioral:sim_1:Functional:dffe_sim} -tclbatch {dffe_sim.tcl} -log {simulate.log}"
INFO: [USF-XSim-8] Loading simulator feature
Vivado Simulator 2017.4
Time resolution is 1 ps
source dffe_sim.tcl
# set curr_wave [current_wave_config]
# if { [string length $curr_wave] == 0 } {
#   if { [llength [get_objects]] > 0} {
#     add_wave /
#     set_property needs_save false [current_wave_config]
#   } else {
#      send_msg_id Add_Wave-1 WARNING "No top level signals found. Simulator will start without a wave window. If you want to open a wave window go to 'File->New Waveform Configuration' or type 'create_wave_config' in the TCL console."
#   }
# }
# run 1000ns
INFO: [USF-XSim-96] XSim completed. Design snapshot 'dffe_sim_behav' loaded.
INFO: [USF-XSim-97] XSim simulation ran for 1000ns
launch_simulation: Time (s): cpu = 00:00:01 ; elapsed = 00:00:09 . Memory (MB): peak = 937.312 ; gain = 13.754
close_sim
INFO: [Simtcl 6-16] Simulation closed
exit
INFO: [Common 17-206] Exiting Vivado at Wed Nov 15 16:10:06 2023...
