#-----------------------------------------------------------
# Vivado v2017.4 (64-bit)
# SW Build 2086221 on Fri Dec 15 20:55:39 MST 2017
# IP Build 2085800 on Fri Dec 15 22:25:07 MST 2017
# Start of session at: Fri Oct 27 15:25:43 2023
# Process ID: 47648
# Current directory: C:/Users/BaSO4/Desktop/study/2023-2024/Vivado/Data_selector8
# Command line: vivado.exe -gui_launcher_event rodinguilauncherevent74528 C:\Users\BaSO4\Desktop\study\2023-2024\Vivado\Data_selector8\Data_selector8.xpr
# Log file: C:/Users/BaSO4/Desktop/study/2023-2024/Vivado/Data_selector8/vivado.log
# Journal file: C:/Users/BaSO4/Desktop/study/2023-2024/Vivado/Data_selector8\vivado.jou
#-----------------------------------------------------------
start_gui
open_project C:/Users/BaSO4/Desktop/study/2023-2024/Vivado/Data_selector8/Data_selector8.xpr
Scanning sources...
Finished scanning sources
INFO: [IP_Flow 19-234] Refreshing IP repositories
INFO: [IP_Flow 19-1700] Loaded user IP repository 'c:/Users/BaSO4/Desktop/study/2023-2024/Vivado/Data_selector8'.
INFO: [IP_Flow 19-2313] Loaded Vivado IP repository 'D:/Xlinx/Vivado/2017.4/data/ip'.
CRITICAL WARNING: [IP_Flow 19-1663] Duplicate IP found for 'xilinx.com:user:Data_selector8:1.0'. The one found in IP location 'c:/Users/BaSO4/Desktop/study/2023-2024/Vivado/Data_selector8' will take precedence over the same IP in location c:/Users/BaSO4/Desktop/study/2023-2024/Vivado/Data_selector8/Data_selector8.srcs
update_compile_order -fileset sources_1
launch_simulation
INFO: [Vivado 12-5682] Launching behavioral simulation in 'C:/Users/BaSO4/Desktop/study/2023-2024/Vivado/Data_selector8/Data_selector8.sim/sim_1/behav/xsim'
INFO: [SIM-utils-51] Simulation object is 'sim_1'
INFO: [SIM-utils-54] Inspecting design source files for 'Dataselector8_sim' in fileset 'sim_1'...
INFO: [USF-XSim-97] Finding global include files...
INFO: [USF-XSim-98] Fetching design files from 'sim_1'...
INFO: [USF-XSim-2] XSim::Compile design
INFO: [USF-XSim-61] Executing 'COMPILE and ANALYZE' step in 'C:/Users/BaSO4/Desktop/study/2023-2024/Vivado/Data_selector8/Data_selector8.sim/sim_1/behav/xsim'
"xvlog --incr --relax -prj Dataselector8_sim_vlog.prj"
INFO: [VRFC 10-2263] Analyzing Verilog file "C:/Users/BaSO4/Desktop/study/2023-2024/Vivado/Data_selector8/Data_selector8.srcs/sources_1/new/Data_selector8.v" into library xil_defaultlib
INFO: [VRFC 10-311] analyzing module Data_selector8
INFO: [VRFC 10-2263] Analyzing Verilog file "C:/Users/BaSO4/Desktop/study/2023-2024/Vivado/Data_selector8/Data_selector8.srcs/sim_1/new/Dataselector8_sim.v" into library xil_defaultlib
INFO: [VRFC 10-311] analyzing module Dataselector8_sim
INFO: [VRFC 10-2458] undeclared symbol a4_8_8, assumed default net type wire [C:/Users/BaSO4/Desktop/study/2023-2024/Vivado/Data_selector8/Data_selector8.srcs/sim_1/new/Dataselector8_sim.v:37]
INFO: [VRFC 10-2458] undeclared symbol a5_8_8, assumed default net type wire [C:/Users/BaSO4/Desktop/study/2023-2024/Vivado/Data_selector8/Data_selector8.srcs/sim_1/new/Dataselector8_sim.v:37]
INFO: [VRFC 10-2458] undeclared symbol a6_8_8, assumed default net type wire [C:/Users/BaSO4/Desktop/study/2023-2024/Vivado/Data_selector8/Data_selector8.srcs/sim_1/new/Dataselector8_sim.v:37]
INFO: [VRFC 10-2458] undeclared symbol a7_8_8, assumed default net type wire [C:/Users/BaSO4/Desktop/study/2023-2024/Vivado/Data_selector8/Data_selector8.srcs/sim_1/new/Dataselector8_sim.v:37]
INFO: [USF-XSim-69] 'compile' step finished in '1' seconds
INFO: [USF-XSim-3] XSim::Elaborate design
INFO: [USF-XSim-61] Executing 'ELABORATE' step in 'C:/Users/BaSO4/Desktop/study/2023-2024/Vivado/Data_selector8/Data_selector8.sim/sim_1/behav/xsim'
Vivado Simulator 2017.4
Copyright 1986-1999, 2001-2016 Xilinx, Inc. All Rights Reserved.
Running: D:/Xlinx/Vivado/2017.4/bin/unwrapped/win64.o/xelab.exe -wto 1d79c38165e64fd98865eb89712a73f1 --incr --debug typical --relax --mt 2 -L xil_defaultlib -L unisims_ver -L unimacro_ver -L secureip --snapshot Dataselector8_sim_behav xil_defaultlib.Dataselector8_sim xil_defaultlib.glbl -log elaborate.log 
Using 2 slave threads.
Starting static elaboration
WARNING: [VRFC 10-278] actual bit length 1 differs from formal bit length 4 for port D5_8 [C:/Users/BaSO4/Desktop/study/2023-2024/Vivado/Data_selector8/Data_selector8.srcs/sim_1/new/Dataselector8_sim.v:37]
Completed static elaboration
Starting simulation data flow analysis
Completed simulation data flow analysis
Time Resolution for simulation is 1ps
Compiling module xil_defaultlib.Data_selector8
Compiling module xil_defaultlib.Dataselector8_sim
Compiling module xil_defaultlib.glbl
Built simulation snapshot Dataselector8_sim_behav

****** Webtalk v2017.4 (64-bit)
  **** SW Build 2086221 on Fri Dec 15 20:55:39 MST 2017
  **** IP Build 2085800 on Fri Dec 15 22:25:07 MST 2017
    ** Copyright 1986-2017 Xilinx, Inc. All Rights Reserved.

source C:/Users/BaSO4/Desktop/study/2023-2024/Vivado/Data_selector8/Data_selector8.sim/sim_1/behav/xsim/xsim.dir/Dataselector8_sim_behav/webtalk/xsim_webtalk.tcl -notrace
INFO: [Common 17-206] Exiting Webtalk at Fri Oct 27 15:30:11 2023...
INFO: [USF-XSim-69] 'elaborate' step finished in '4' seconds
INFO: [USF-XSim-4] XSim::Simulate design
INFO: [USF-XSim-61] Executing 'SIMULATE' step in 'C:/Users/BaSO4/Desktop/study/2023-2024/Vivado/Data_selector8/Data_selector8.sim/sim_1/behav/xsim'
INFO: [USF-XSim-98] *** Running xsim
   with args "Dataselector8_sim_behav -key {Behavioral:sim_1:Functional:Dataselector8_sim} -tclbatch {Dataselector8_sim.tcl} -log {simulate.log}"
INFO: [USF-XSim-8] Loading simulator feature
Vivado Simulator 2017.4
Time resolution is 1 ps
source Dataselector8_sim.tcl
# set curr_wave [current_wave_config]
# if { [string length $curr_wave] == 0 } {
#   if { [llength [get_objects]] > 0} {
#     add_wave /
#     set_property needs_save false [current_wave_config]
#   } else {
#      send_msg_id Add_Wave-1 WARNING "No top level signals found. Simulator will start without a wave window. If you want to open a wave window go to 'File->New Waveform Configuration' or type 'create_wave_config' in the TCL console."
#   }
# }
# run 1000ns
INFO: [USF-XSim-96] XSim completed. Design snapshot 'Dataselector8_sim_behav' loaded.
INFO: [USF-XSim-97] XSim simulation ran for 1000ns
launch_simulation: Time (s): cpu = 00:00:01 ; elapsed = 00:00:08 . Memory (MB): peak = 929.234 ; gain = 18.855
close_sim
INFO: [Simtcl 6-16] Simulation closed
launch_simulation
INFO: [Vivado 12-5682] Launching behavioral simulation in 'C:/Users/BaSO4/Desktop/study/2023-2024/Vivado/Data_selector8/Data_selector8.sim/sim_1/behav/xsim'
INFO: [SIM-utils-51] Simulation object is 'sim_1'
INFO: [SIM-utils-54] Inspecting design source files for 'Dataselector8_sim' in fileset 'sim_1'...
INFO: [USF-XSim-97] Finding global include files...
INFO: [USF-XSim-98] Fetching design files from 'sim_1'...
INFO: [USF-XSim-2] XSim::Compile design
INFO: [USF-XSim-61] Executing 'COMPILE and ANALYZE' step in 'C:/Users/BaSO4/Desktop/study/2023-2024/Vivado/Data_selector8/Data_selector8.sim/sim_1/behav/xsim'
"xvlog --incr --relax -prj Dataselector8_sim_vlog.prj"
INFO: [VRFC 10-2263] Analyzing Verilog file "C:/Users/BaSO4/Desktop/study/2023-2024/Vivado/Data_selector8/Data_selector8.srcs/sources_1/new/Data_selector8.v" into library xil_defaultlib
INFO: [VRFC 10-311] analyzing module Data_selector8
INFO: [VRFC 10-2263] Analyzing Verilog file "C:/Users/BaSO4/Desktop/study/2023-2024/Vivado/Data_selector8/Data_selector8.srcs/sim_1/new/Dataselector8_sim.v" into library xil_defaultlib
INFO: [VRFC 10-311] analyzing module Dataselector8_sim
INFO: [USF-XSim-69] 'compile' step finished in '1' seconds
INFO: [USF-XSim-3] XSim::Elaborate design
INFO: [USF-XSim-61] Executing 'ELABORATE' step in 'C:/Users/BaSO4/Desktop/study/2023-2024/Vivado/Data_selector8/Data_selector8.sim/sim_1/behav/xsim'
Vivado Simulator 2017.4
Copyright 1986-1999, 2001-2016 Xilinx, Inc. All Rights Reserved.
Running: D:/Xlinx/Vivado/2017.4/bin/unwrapped/win64.o/xelab.exe -wto 1d79c38165e64fd98865eb89712a73f1 --incr --debug typical --relax --mt 2 -L xil_defaultlib -L unisims_ver -L unimacro_ver -L secureip --snapshot Dataselector8_sim_behav xil_defaultlib.Dataselector8_sim xil_defaultlib.glbl -log elaborate.log 
Using 2 slave threads.
Starting static elaboration
Completed static elaboration
Starting simulation data flow analysis
Completed simulation data flow analysis
Time Resolution for simulation is 1ps
Compiling module xil_defaultlib.Data_selector8
Compiling module xil_defaultlib.Dataselector8_sim
Compiling module xil_defaultlib.glbl
Built simulation snapshot Dataselector8_sim_behav
INFO: [USF-XSim-69] 'elaborate' step finished in '1' seconds
INFO: [USF-XSim-4] XSim::Simulate design
INFO: [USF-XSim-61] Executing 'SIMULATE' step in 'C:/Users/BaSO4/Desktop/study/2023-2024/Vivado/Data_selector8/Data_selector8.sim/sim_1/behav/xsim'
INFO: [USF-XSim-98] *** Running xsim
   with args "Dataselector8_sim_behav -key {Behavioral:sim_1:Functional:Dataselector8_sim} -tclbatch {Dataselector8_sim.tcl} -log {simulate.log}"
INFO: [USF-XSim-8] Loading simulator feature
Vivado Simulator 2017.4
Time resolution is 1 ps
source Dataselector8_sim.tcl
# set curr_wave [current_wave_config]
# if { [string length $curr_wave] == 0 } {
#   if { [llength [get_objects]] > 0} {
#     add_wave /
#     set_property needs_save false [current_wave_config]
#   } else {
#      send_msg_id Add_Wave-1 WARNING "No top level signals found. Simulator will start without a wave window. If you want to open a wave window go to 'File->New Waveform Configuration' or type 'create_wave_config' in the TCL console."
#   }
# }
# run 1000ns
INFO: [USF-XSim-96] XSim completed. Design snapshot 'Dataselector8_sim_behav' loaded.
INFO: [USF-XSim-97] XSim simulation ran for 1000ns
close_sim
INFO: [Simtcl 6-16] Simulation closed
launch_simulation
INFO: [Vivado 12-5682] Launching behavioral simulation in 'C:/Users/BaSO4/Desktop/study/2023-2024/Vivado/Data_selector8/Data_selector8.sim/sim_1/behav/xsim'
INFO: [SIM-utils-51] Simulation object is 'sim_1'
INFO: [SIM-utils-54] Inspecting design source files for 'Dataselector8_sim' in fileset 'sim_1'...
INFO: [USF-XSim-97] Finding global include files...
INFO: [USF-XSim-98] Fetching design files from 'sim_1'...
INFO: [USF-XSim-2] XSim::Compile design
INFO: [USF-XSim-61] Executing 'COMPILE and ANALYZE' step in 'C:/Users/BaSO4/Desktop/study/2023-2024/Vivado/Data_selector8/Data_selector8.sim/sim_1/behav/xsim'
"xvlog --incr --relax -prj Dataselector8_sim_vlog.prj"
INFO: [VRFC 10-2263] Analyzing Verilog file "C:/Users/BaSO4/Desktop/study/2023-2024/Vivado/Data_selector8/Data_selector8.srcs/sources_1/new/Data_selector8.v" into library xil_defaultlib
INFO: [VRFC 10-311] analyzing module Data_selector8
INFO: [VRFC 10-2263] Analyzing Verilog file "C:/Users/BaSO4/Desktop/study/2023-2024/Vivado/Data_selector8/Data_selector8.srcs/sim_1/new/Dataselector8_sim.v" into library xil_defaultlib
INFO: [VRFC 10-311] analyzing module Dataselector8_sim
INFO: [USF-XSim-69] 'compile' step finished in '1' seconds
INFO: [USF-XSim-3] XSim::Elaborate design
INFO: [USF-XSim-61] Executing 'ELABORATE' step in 'C:/Users/BaSO4/Desktop/study/2023-2024/Vivado/Data_selector8/Data_selector8.sim/sim_1/behav/xsim'
Vivado Simulator 2017.4
Copyright 1986-1999, 2001-2016 Xilinx, Inc. All Rights Reserved.
Running: D:/Xlinx/Vivado/2017.4/bin/unwrapped/win64.o/xelab.exe -wto 1d79c38165e64fd98865eb89712a73f1 --incr --debug typical --relax --mt 2 -L xil_defaultlib -L unisims_ver -L unimacro_ver -L secureip --snapshot Dataselector8_sim_behav xil_defaultlib.Dataselector8_sim xil_defaultlib.glbl -log elaborate.log 
Using 2 slave threads.
Starting static elaboration
WARNING: [VRFC 10-278] actual bit length 1 differs from formal bit length 4 for port D1_8 [C:/Users/BaSO4/Desktop/study/2023-2024/Vivado/Data_selector8/Data_selector8.srcs/sim_1/new/Dataselector8_sim.v:36]
WARNING: [VRFC 10-278] actual bit length 1 differs from formal bit length 4 for port D5_8 [C:/Users/BaSO4/Desktop/study/2023-2024/Vivado/Data_selector8/Data_selector8.srcs/sim_1/new/Dataselector8_sim.v:37]
WARNING: [VRFC 10-278] actual bit length 1 differs from formal bit length 4 for port out3_8 [C:/Users/BaSO4/Desktop/study/2023-2024/Vivado/Data_selector8/Data_selector8.srcs/sim_1/new/Dataselector8_sim.v:39]
Completed static elaboration
Starting simulation data flow analysis
Completed simulation data flow analysis
Time Resolution for simulation is 1ps
Compiling module xil_defaultlib.Data_selector8
Compiling module xil_defaultlib.Dataselector8_sim
Compiling module xil_defaultlib.glbl
Built simulation snapshot Dataselector8_sim_behav
INFO: [USF-XSim-69] 'elaborate' step finished in '2' seconds
INFO: [USF-XSim-4] XSim::Simulate design
INFO: [USF-XSim-61] Executing 'SIMULATE' step in 'C:/Users/BaSO4/Desktop/study/2023-2024/Vivado/Data_selector8/Data_selector8.sim/sim_1/behav/xsim'
INFO: [USF-XSim-98] *** Running xsim
   with args "Dataselector8_sim_behav -key {Behavioral:sim_1:Functional:Dataselector8_sim} -tclbatch {Dataselector8_sim.tcl} -log {simulate.log}"
INFO: [USF-XSim-8] Loading simulator feature
Vivado Simulator 2017.4
Time resolution is 1 ps
source Dataselector8_sim.tcl
# set curr_wave [current_wave_config]
# if { [string length $curr_wave] == 0 } {
#   if { [llength [get_objects]] > 0} {
#     add_wave /
#     set_property needs_save false [current_wave_config]
#   } else {
#      send_msg_id Add_Wave-1 WARNING "No top level signals found. Simulator will start without a wave window. If you want to open a wave window go to 'File->New Waveform Configuration' or type 'create_wave_config' in the TCL console."
#   }
# }
# run 1000ns
INFO: [USF-XSim-96] XSim completed. Design snapshot 'Dataselector8_sim_behav' loaded.
INFO: [USF-XSim-97] XSim simulation ran for 1000ns
close_sim
INFO: [Simtcl 6-16] Simulation closed
launch_simulation
INFO: [Vivado 12-5682] Launching behavioral simulation in 'C:/Users/BaSO4/Desktop/study/2023-2024/Vivado/Data_selector8/Data_selector8.sim/sim_1/behav/xsim'
INFO: [SIM-utils-51] Simulation object is 'sim_1'
INFO: [SIM-utils-54] Inspecting design source files for 'Dataselector8_sim' in fileset 'sim_1'...
INFO: [USF-XSim-97] Finding global include files...
INFO: [USF-XSim-98] Fetching design files from 'sim_1'...
INFO: [USF-XSim-2] XSim::Compile design
INFO: [USF-XSim-61] Executing 'COMPILE and ANALYZE' step in 'C:/Users/BaSO4/Desktop/study/2023-2024/Vivado/Data_selector8/Data_selector8.sim/sim_1/behav/xsim'
"xvlog --incr --relax -prj Dataselector8_sim_vlog.prj"
INFO: [VRFC 10-2263] Analyzing Verilog file "C:/Users/BaSO4/Desktop/study/2023-2024/Vivado/Data_selector8/Data_selector8.srcs/sources_1/new/Data_selector8.v" into library xil_defaultlib
INFO: [VRFC 10-311] analyzing module Data_selector8
INFO: [VRFC 10-2263] Analyzing Verilog file "C:/Users/BaSO4/Desktop/study/2023-2024/Vivado/Data_selector8/Data_selector8.srcs/sim_1/new/Dataselector8_sim.v" into library xil_defaultlib
INFO: [VRFC 10-311] analyzing module Dataselector8_sim
INFO: [USF-XSim-69] 'compile' step finished in '1' seconds
INFO: [USF-XSim-3] XSim::Elaborate design
INFO: [USF-XSim-61] Executing 'ELABORATE' step in 'C:/Users/BaSO4/Desktop/study/2023-2024/Vivado/Data_selector8/Data_selector8.sim/sim_1/behav/xsim'
Vivado Simulator 2017.4
Copyright 1986-1999, 2001-2016 Xilinx, Inc. All Rights Reserved.
Running: D:/Xlinx/Vivado/2017.4/bin/unwrapped/win64.o/xelab.exe -wto 1d79c38165e64fd98865eb89712a73f1 --incr --debug typical --relax --mt 2 -L xil_defaultlib -L unisims_ver -L unimacro_ver -L secureip --snapshot Dataselector8_sim_behav xil_defaultlib.Dataselector8_sim xil_defaultlib.glbl -log elaborate.log 
Using 2 slave threads.
Starting static elaboration
Completed static elaboration
Starting simulation data flow analysis
Completed simulation data flow analysis
Time Resolution for simulation is 1ps
Compiling module xil_defaultlib.Data_selector8
Compiling module xil_defaultlib.Dataselector8_sim
Compiling module xil_defaultlib.glbl
Built simulation snapshot Dataselector8_sim_behav
INFO: [USF-XSim-69] 'elaborate' step finished in '2' seconds
INFO: [USF-XSim-4] XSim::Simulate design
INFO: [USF-XSim-61] Executing 'SIMULATE' step in 'C:/Users/BaSO4/Desktop/study/2023-2024/Vivado/Data_selector8/Data_selector8.sim/sim_1/behav/xsim'
INFO: [USF-XSim-98] *** Running xsim
   with args "Dataselector8_sim_behav -key {Behavioral:sim_1:Functional:Dataselector8_sim} -tclbatch {Dataselector8_sim.tcl} -log {simulate.log}"
INFO: [USF-XSim-8] Loading simulator feature
Vivado Simulator 2017.4
Time resolution is 1 ps
source Dataselector8_sim.tcl
# set curr_wave [current_wave_config]
# if { [string length $curr_wave] == 0 } {
#   if { [llength [get_objects]] > 0} {
#     add_wave /
#     set_property needs_save false [current_wave_config]
#   } else {
#      send_msg_id Add_Wave-1 WARNING "No top level signals found. Simulator will start without a wave window. If you want to open a wave window go to 'File->New Waveform Configuration' or type 'create_wave_config' in the TCL console."
#   }
# }
# run 1000ns
INFO: [USF-XSim-96] XSim completed. Design snapshot 'Dataselector8_sim_behav' loaded.
INFO: [USF-XSim-97] XSim simulation ran for 1000ns
launch_simulation: Time (s): cpu = 00:00:00 ; elapsed = 00:00:06 . Memory (MB): peak = 954.621 ; gain = 1.125
close_sim
INFO: [Simtcl 6-16] Simulation closed
launch_simulation
INFO: [Vivado 12-5682] Launching behavioral simulation in 'C:/Users/BaSO4/Desktop/study/2023-2024/Vivado/Data_selector8/Data_selector8.sim/sim_1/behav/xsim'
INFO: [SIM-utils-51] Simulation object is 'sim_1'
INFO: [SIM-utils-54] Inspecting design source files for 'Dataselector8_sim' in fileset 'sim_1'...
INFO: [USF-XSim-97] Finding global include files...
INFO: [USF-XSim-98] Fetching design files from 'sim_1'...
INFO: [USF-XSim-2] XSim::Compile design
INFO: [USF-XSim-61] Executing 'COMPILE and ANALYZE' step in 'C:/Users/BaSO4/Desktop/study/2023-2024/Vivado/Data_selector8/Data_selector8.sim/sim_1/behav/xsim'
"xvlog --incr --relax -prj Dataselector8_sim_vlog.prj"
INFO: [VRFC 10-2263] Analyzing Verilog file "C:/Users/BaSO4/Desktop/study/2023-2024/Vivado/Data_selector8/Data_selector8.srcs/sources_1/new/Data_selector8.v" into library xil_defaultlib
INFO: [VRFC 10-311] analyzing module Data_selector8
INFO: [VRFC 10-2263] Analyzing Verilog file "C:/Users/BaSO4/Desktop/study/2023-2024/Vivado/Data_selector8/Data_selector8.srcs/sim_1/new/Dataselector8_sim.v" into library xil_defaultlib
INFO: [VRFC 10-311] analyzing module Dataselector8_sim
INFO: [USF-XSim-69] 'compile' step finished in '1' seconds
INFO: [USF-XSim-3] XSim::Elaborate design
INFO: [USF-XSim-61] Executing 'ELABORATE' step in 'C:/Users/BaSO4/Desktop/study/2023-2024/Vivado/Data_selector8/Data_selector8.sim/sim_1/behav/xsim'
Vivado Simulator 2017.4
Copyright 1986-1999, 2001-2016 Xilinx, Inc. All Rights Reserved.
Running: D:/Xlinx/Vivado/2017.4/bin/unwrapped/win64.o/xelab.exe -wto 1d79c38165e64fd98865eb89712a73f1 --incr --debug typical --relax --mt 2 -L xil_defaultlib -L unisims_ver -L unimacro_ver -L secureip --snapshot Dataselector8_sim_behav xil_defaultlib.Dataselector8_sim xil_defaultlib.glbl -log elaborate.log 
Using 2 slave threads.
Starting static elaboration
Completed static elaboration
Starting simulation data flow analysis
Completed simulation data flow analysis
Time Resolution for simulation is 1ps
Compiling module xil_defaultlib.Data_selector8
Compiling module xil_defaultlib.Dataselector8_sim
Compiling module xil_defaultlib.glbl
Built simulation snapshot Dataselector8_sim_behav
INFO: [USF-XSim-69] 'elaborate' step finished in '1' seconds
INFO: [USF-XSim-4] XSim::Simulate design
INFO: [USF-XSim-61] Executing 'SIMULATE' step in 'C:/Users/BaSO4/Desktop/study/2023-2024/Vivado/Data_selector8/Data_selector8.sim/sim_1/behav/xsim'
INFO: [USF-XSim-98] *** Running xsim
   with args "Dataselector8_sim_behav -key {Behavioral:sim_1:Functional:Dataselector8_sim} -tclbatch {Dataselector8_sim.tcl} -log {simulate.log}"
INFO: [USF-XSim-8] Loading simulator feature
Vivado Simulator 2017.4
Time resolution is 1 ps
source Dataselector8_sim.tcl
# set curr_wave [current_wave_config]
# if { [string length $curr_wave] == 0 } {
#   if { [llength [get_objects]] > 0} {
#     add_wave /
#     set_property needs_save false [current_wave_config]
#   } else {
#      send_msg_id Add_Wave-1 WARNING "No top level signals found. Simulator will start without a wave window. If you want to open a wave window go to 'File->New Waveform Configuration' or type 'create_wave_config' in the TCL console."
#   }
# }
# run 1000ns
INFO: [USF-XSim-96] XSim completed. Design snapshot 'Dataselector8_sim_behav' loaded.
INFO: [USF-XSim-97] XSim simulation ran for 1000ns
close_sim
INFO: [Simtcl 6-16] Simulation closed
exit
INFO: [Common 17-206] Exiting Vivado at Fri Oct 27 18:41:13 2023...
