#-----------------------------------------------------------
# Vivado v2017.4 (64-bit)
# SW Build 2086221 on Fri Dec 15 20:55:39 MST 2017
# IP Build 2085800 on Fri Dec 15 22:25:07 MST 2017
# Start of session at: Mon Oct 16 19:42:02 2023
# Process ID: 30484
# Current directory: C:/Users/BaSO4/Desktop/study/2023-2024/Vivado/project_1
# Command line: vivado.exe -gui_launcher_event rodinguilauncherevent28784 C:\Users\BaSO4\Desktop\study\2023-2024\Vivado\project_1\project_1.xpr
# Log file: C:/Users/BaSO4/Desktop/study/2023-2024/Vivado/project_1/vivado.log
# Journal file: C:/Users/BaSO4/Desktop/study/2023-2024/Vivado/project_1\vivado.jou
#-----------------------------------------------------------
start_gui
open_project C:/Users/BaSO4/Desktop/study/2023-2024/Vivado/project_1/project_1.xpr
Scanning sources...
Finished scanning sources
INFO: [IP_Flow 19-234] Refreshing IP repositories
INFO: [IP_Flow 19-1704] No user IP repositories specified
INFO: [IP_Flow 19-2313] Loaded Vivado IP repository 'D:/Xlinx/Vivado/2017.4/data/ip'.
open_project: Time (s): cpu = 00:00:03 ; elapsed = 00:00:05 . Memory (MB): peak = 837.762 ; gain = 146.578
update_compile_order -fileset sources_1
reset_run synth_1
launch_runs synth_1 -jobs 16
[Mon Oct 16 20:32:42 2023] Launched synth_1...
Run output will be captured here: C:/Users/BaSO4/Desktop/study/2023-2024/Vivado/project_1/project_1.runs/synth_1/runme.log
exit
INFO: [Common 17-206] Exiting Vivado at Mon Oct 16 21:03:05 2023...
