#-----------------------------------------------------------
# Vivado v2017.4 (64-bit)
# SW Build 2086221 on Fri Dec 15 20:55:39 MST 2017
# IP Build 2085800 on Fri Dec 15 22:25:07 MST 2017
# Start of session at: Wed Oct 11 17:17:28 2023
# Process ID: 58180
# Current directory: C:/Users/BaSO4/Desktop/study/2023-2024/Vivado/project_1
# Command line: vivado.exe -gui_launcher_event rodinguilauncherevent34224 C:\Users\BaSO4\Desktop\study\2023-2024\Vivado\project_1\project_1.xpr
# Log file: C:/Users/BaSO4/Desktop/study/2023-2024/Vivado/project_1/vivado.log
# Journal file: C:/Users/BaSO4/Desktop/study/2023-2024/Vivado/project_1\vivado.jou
#-----------------------------------------------------------
start_gui
open_project C:/Users/BaSO4/Desktop/study/2023-2024/Vivado/project_1/project_1.xpr
Scanning sources...
Finished scanning sources
INFO: [IP_Flow 19-234] Refreshing IP repositories
INFO: [IP_Flow 19-1704] No user IP repositories specified
INFO: [IP_Flow 19-2313] Loaded Vivado IP repository 'D:/Xlinx/Vivado/2017.4/data/ip'.
update_compile_order -fileset sources_1
launch_runs synth_1 -jobs 16
[Wed Oct 11 17:18:00 2023] Launched synth_1...
Run output will be captured here: C:/Users/BaSO4/Desktop/study/2023-2024/Vivado/project_1/project_1.runs/synth_1/runme.log
open_run synth_1 -name synth_1
Design is defaulting to impl run constrset: constrs_1
Design is defaulting to synth run part: xc7a100tfgg484-1
INFO: [Netlist 29-17] Analyzing 24 Unisim elements for replacement
INFO: [Netlist 29-28] Unisim Transformation completed in 0 CPU seconds
INFO: [Project 1-479] Netlist was created with Vivado 2017.4
INFO: [Device 21-403] Loading part xc7a100tfgg484-1
INFO: [Project 1-570] Preparing netlist for logic optimization
Parsing XDC File [C:/Users/BaSO4/Desktop/study/2023-2024/Vivado/project_1/project_1.srcs/constrs_1/new/Ex_1.xdc]
Finished Parsing XDC File [C:/Users/BaSO4/Desktop/study/2023-2024/Vivado/project_1/project_1.srcs/constrs_1/new/Ex_1.xdc]
INFO: [Opt 31-138] Pushed 0 inverter(s) to 0 load pin(s).
INFO: [Project 1-111] Unisim Transformation Summary:
No Unisim elements were transformed.

open_run: Time (s): cpu = 00:00:09 ; elapsed = 00:00:08 . Memory (MB): peak = 1296.199 ; gain = 427.629
exit
INFO: [Common 17-206] Exiting Vivado at Wed Oct 11 17:19:36 2023...
