#-----------------------------------------------------------
# Vivado v2017.4 (64-bit)
# SW Build 2086221 on Fri Dec 15 20:55:39 MST 2017
# IP Build 2085800 on Fri Dec 15 22:25:07 MST 2017
# Start of session at: Wed Nov  8 14:27:38 2023
# Process ID: 95832
# Current directory: C:/Users/BaSO4/Desktop/study/2023-2024/project/project/project_1
# Command line: vivado.exe -gui_launcher_event rodinguilauncherevent106724 C:\Users\BaSO4\Desktop\study\2023-2024\project\project\project_1\project_1.xpr
# Log file: C:/Users/BaSO4/Desktop/study/2023-2024/project/project/project_1/vivado.log
# Journal file: C:/Users/BaSO4/Desktop/study/2023-2024/project/project/project_1\vivado.jou
#-----------------------------------------------------------
start_gui
open_project C:/Users/BaSO4/Desktop/study/2023-2024/project/project/project_1/project_1.xpr
INFO: [Project 1-313] Project file moved from 'C:/Users/BaSO4/Desktop/study/2023-2024/Vivado/project_1' since last save.
Scanning sources...
Finished scanning sources
INFO: [IP_Flow 19-234] Refreshing IP repositories
INFO: [IP_Flow 19-1704] No user IP repositories specified
INFO: [IP_Flow 19-2313] Loaded Vivado IP repository 'D:/Xlinx/Vivado/2017.4/data/ip'.
update_compile_order -fileset sources_1
exit
INFO: [Common 17-206] Exiting Vivado at Wed Nov  8 14:28:17 2023...
