#-----------------------------------------------------------
# Vivado v2017.4 (64-bit)
# SW Build 2086221 on Fri Dec 15 20:55:39 MST 2017
# IP Build 2085800 on Fri Dec 15 22:25:07 MST 2017
# Start of session at: Mon Nov 13 18:45:04 2023
# Process ID: 60576
# Current directory: C:/Users/BaSO4/Desktop/study/2023-2024/project/project/新建文件夹/hexseg
# Command line: vivado.exe -gui_launcher_event rodinguilauncherevent108856 C:\Users\BaSO4\Desktop\study\2023-2024\project\project\新建文件夹\hexseg\hexseg.xpr
# Log file: C:/Users/BaSO4/Desktop/study/2023-2024/project/project/新建文件夹/hexseg/vivado.log
# Journal file: C:/Users/BaSO4/Desktop/study/2023-2024/project/project/新建文件夹/hexseg\vivado.jou
#-----------------------------------------------------------
start_gui
open_project C:/Users/BaSO4/Desktop/study/2023-2024/project/project/新建文件夹/hexseg/hexseg.xpr
INFO: [Project 1-313] Project file moved from 'C:/Users/BaSO4/Desktop/study/2023-2024/project/project/hexseg' since last save.
Scanning sources...
Finished scanning sources
INFO: [IP_Flow 19-234] Refreshing IP repositories
INFO: [IP_Flow 19-1700] Loaded user IP repository 'c:/Users/BaSO4/Desktop/study/2023-2024/project/project/新建文件夹/hexseg'.
INFO: [IP_Flow 19-2313] Loaded Vivado IP repository 'D:/Xlinx/Vivado/2017.4/data/ip'.
open_project: Time (s): cpu = 00:00:04 ; elapsed = 00:00:06 . Memory (MB): peak = 809.305 ; gain = 104.969
update_compile_order -fileset sources_1
exit
INFO: [Common 17-206] Exiting Vivado at Mon Nov 13 18:46:16 2023...
