#-----------------------------------------------------------
# Vivado v2017.4 (64-bit)
# SW Build 2086221 on Fri Dec 15 20:55:39 MST 2017
# IP Build 2085800 on Fri Dec 15 22:25:07 MST 2017
# Start of session at: Thu Nov 23 11:16:01 2023
# Process ID: 11296
# Current directory: C:/Users/BaSO4/Desktop/study/2023-2024/project/project/muxnto1/Data_selector8
# Command line: vivado.exe -gui_launcher_event rodinguilauncherevent4408 C:\Users\BaSO4\Desktop\study\2023-2024\project\project\muxnto1\Data_selector8\Data_selector8.xpr
# Log file: C:/Users/BaSO4/Desktop/study/2023-2024/project/project/muxnto1/Data_selector8/vivado.log
# Journal file: C:/Users/BaSO4/Desktop/study/2023-2024/project/project/muxnto1/Data_selector8\vivado.jou
#-----------------------------------------------------------
start_gui
open_project C:/Users/BaSO4/Desktop/study/2023-2024/project/project/muxnto1/Data_selector8/Data_selector8.xpr
INFO: [Project 1-313] Project file moved from 'C:/Users/BaSO4/Desktop/study/2023-2024/Vivado/Data_selector8' since last save.
Scanning sources...
Finished scanning sources
INFO: [IP_Flow 19-234] Refreshing IP repositories
INFO: [IP_Flow 19-1700] Loaded user IP repository 'c:/Users/BaSO4/Desktop/study/2023-2024/project/project/muxnto1/Data_selector8'.
INFO: [IP_Flow 19-2313] Loaded Vivado IP repository 'D:/Xlinx/Vivado/2017.4/data/ip'.
CRITICAL WARNING: [IP_Flow 19-1663] Duplicate IP found for 'xilinx.com:user:Data_selector8:1.0'. The one found in IP location 'c:/Users/BaSO4/Desktop/study/2023-2024/project/project/muxnto1/Data_selector8' will take precedence over the same IP in location c:/Users/BaSO4/Desktop/study/2023-2024/project/project/muxnto1/Data_selector8/Data_selector8.srcs
open_project: Time (s): cpu = 00:00:04 ; elapsed = 00:00:06 . Memory (MB): peak = 825.520 ; gain = 106.824
update_compile_order -fileset sources_1
exit
INFO: [Common 17-206] Exiting Vivado at Thu Nov 23 11:22:24 2023...
