#-----------------------------------------------------------
# Vivado v2017.4 (64-bit)
# SW Build 2086221 on Fri Dec 15 20:55:39 MST 2017
# IP Build 2085800 on Fri Dec 15 22:25:07 MST 2017
# Start of session at: Wed Nov 15 16:52:42 2023
# Process ID: 140844
# Current directory: C:/Users/BaSO4/Desktop/study/2023-2024/project/project/reg/reg8
# Command line: vivado.exe -gui_launcher_event rodinguilauncherevent53444 C:\Users\BaSO4\Desktop\study\2023-2024\project\project\reg\reg8\reg8.xpr
# Log file: C:/Users/BaSO4/Desktop/study/2023-2024/project/project/reg/reg8/vivado.log
# Journal file: C:/Users/BaSO4/Desktop/study/2023-2024/project/project/reg/reg8\vivado.jou
#-----------------------------------------------------------
start_gui
open_project C:/Users/BaSO4/Desktop/study/2023-2024/project/project/reg/reg8/reg8.xpr
INFO: [Project 1-313] Project file moved from 'C:/Users/BaSO4/Desktop/study/2023-2024/project/project/reg8' since last save.
Scanning sources...
Finished scanning sources
INFO: [filemgmt 56-1] IP Repository Path: Directory not found as 'C:/Users/BaSO4/Desktop/study/IPpackage/xilinx.com_user_dffe_1.0'; using path 'C:/Users/BaSO4/Desktop/IPpackage/xilinx.com_user_dffe_1.0' instead.
INFO: [IP_Flow 19-234] Refreshing IP repositories
INFO: [IP_Flow 19-1700] Loaded user IP repository 'c:/Users/BaSO4/Desktop/IPpackage/xilinx.com_user_dffe_1.0'.
INFO: [IP_Flow 19-2313] Loaded Vivado IP repository 'D:/Xlinx/Vivado/2017.4/data/ip'.
update_compile_order -fileset sources_1
open_bd_design {C:/Users/BaSO4/Desktop/study/2023-2024/project/project/reg/reg8/reg8.srcs/sources_1/bd/design_1/design_1.bd}
Adding cell -- xilinx.com:user:dffe:1.0 - dffe_0
Adding cell -- xilinx.com:user:dffe:1.0 - dffe_1
Adding cell -- xilinx.com:user:dffe:1.0 - dffe_2
Adding cell -- xilinx.com:user:dffe:1.0 - dffe_3
Adding cell -- xilinx.com:user:dffe:1.0 - dffe_4
Adding cell -- xilinx.com:user:dffe:1.0 - dffe_5
Adding cell -- xilinx.com:user:dffe:1.0 - dffe_6
Adding cell -- xilinx.com:user:dffe:1.0 - dffe_7
Successfully read diagram <design_1> from BD file <C:/Users/BaSO4/Desktop/study/2023-2024/project/project/reg/reg8/reg8.srcs/sources_1/bd/design_1/design_1.bd>
open_bd_design: Time (s): cpu = 00:00:04 ; elapsed = 00:00:06 . Memory (MB): peak = 923.355 ; gain = 88.020
open_bd_design {C:/Users/BaSO4/Desktop/study/2023-2024/project/project/reg/reg8/reg8.srcs/sources_1/bd/design_1/design_1.bd}
startgroup
create_bd_cell -type ip -vlnv xilinx.com:user:dffe:1.0 dffe_8
endgroup
set_property location {0.5 -592 78} [get_bd_cells dffe_8]
undo
INFO: [Common 17-17] undo 'set_property location {0.5 -592 78} [get_bd_cells dffe_8]'
undo
INFO: [Common 17-17] undo 'endgroup'
INFO: [Common 17-17] undo 'create_bd_cell -type ip -vlnv xilinx.com:user:dffe:1.0 dffe_8'
INFO: [Common 17-17] undo 'startgroup'
exit
INFO: [Common 17-206] Exiting Vivado at Wed Nov 15 17:03:28 2023...
