#-----------------------------------------------------------
# Vivado v2017.4 (64-bit)
# SW Build 2086221 on Fri Dec 15 20:55:39 MST 2017
# IP Build 2085800 on Fri Dec 15 22:25:07 MST 2017
# Start of session at: Mon Nov 13 18:46:37 2023
# Process ID: 122584
# Current directory: C:/Users/BaSO4/Desktop/study/2023-2024/project/project/muxnto1
# Command line: vivado.exe -gui_launcher_event rodinguilauncherevent122488 C:\Users\BaSO4\Desktop\study\2023-2024\project\project\muxnto1\muxnto1.xpr
# Log file: C:/Users/BaSO4/Desktop/study/2023-2024/project/project/muxnto1/vivado.log
# Journal file: C:/Users/BaSO4/Desktop/study/2023-2024/project/project/muxnto1\vivado.jou
#-----------------------------------------------------------
start_gui
open_project C:/Users/BaSO4/Desktop/study/2023-2024/project/project/muxnto1/muxnto1.xpr
INFO: [Project 1-313] Project file moved from 'C:/Users/BaSO4/Desktop/study/2023-2024/Vivado/muxnto1' since last save.
Scanning sources...
Finished scanning sources
INFO: [filemgmt 56-1] IP Repository Path: Directory not found as 'C:/Users/BaSO4/Desktop/study/IPpackage'; using path 'C:/Users/BaSO4/Desktop/IPpackage' instead.
INFO: [IP_Flow 19-234] Refreshing IP repositories
INFO: [IP_Flow 19-1700] Loaded user IP repository 'c:/Users/BaSO4/Desktop/IPpackage'.
INFO: [IP_Flow 19-2313] Loaded Vivado IP repository 'D:/Xlinx/Vivado/2017.4/data/ip'.
CRITICAL WARNING: [IP_Flow 19-1663] Duplicate IP found for 'xilinx.com:user:xorgate:1.0'. The one found in IP location 'c:/Users/BaSO4/Desktop/IPpackage/xilinx.com_user_xnorgate_1.0' will take precedence over the same IP in location c:/Users/BaSO4/Desktop/IPpackage/xilinx.com_user_xorgate_1.0
update_compile_order -fileset sources_1
exit
INFO: [Common 17-206] Exiting Vivado at Mon Nov 13 18:47:03 2023...
