INFO: [VRFC 10-2263] Analyzing Verilog file "C:/Users/BaSO4/Desktop/study/2023-2024/Vivado/muxnto1/muxnto1.ip_user_files/bd/design_1/ipshared/08da/Control.srcs/sources_1/new/Control.v" into library xil_defaultlib
INFO: [VRFC 10-311] analyzing module Control
INFO: [VRFC 10-2263] Analyzing Verilog file "C:/Users/BaSO4/Desktop/study/2023-2024/Vivado/muxnto1/muxnto1.ip_user_files/bd/design_1/ip/design_1_Control_0_0/sim/design_1_Control_0_0.v" into library xil_defaultlib
INFO: [VRFC 10-311] analyzing module design_1_Control_0_0
INFO: [VRFC 10-2263] Analyzing Verilog file "C:/Users/BaSO4/Desktop/study/2023-2024/Vivado/muxnto1/muxnto1.ip_user_files/bd/design_1/ipshared/9ede/Dataselector2.srcs/sources_1/new/Dataselector2.v" into library xil_defaultlib
INFO: [VRFC 10-311] analyzing module Dataselector2
INFO: [VRFC 10-2263] Analyzing Verilog file "C:/Users/BaSO4/Desktop/study/2023-2024/Vivado/muxnto1/muxnto1.ip_user_files/bd/design_1/ip/design_1_Dataselector2_0_0/sim/design_1_Dataselector2_0_0.v" into library xil_defaultlib
INFO: [VRFC 10-311] analyzing module design_1_Dataselector2_0_0
INFO: [VRFC 10-2263] Analyzing Verilog file "C:/Users/BaSO4/Desktop/study/2023-2024/Vivado/muxnto1/muxnto1.ip_user_files/bd/design_1/ipshared/dfe9/Data_selector4.srcs/sources_1/new/Data_selector4.v" into library xil_defaultlib
INFO: [VRFC 10-311] analyzing module Data_selector4
INFO: [VRFC 10-2263] Analyzing Verilog file "C:/Users/BaSO4/Desktop/study/2023-2024/Vivado/muxnto1/muxnto1.ip_user_files/bd/design_1/ip/design_1_Data_selector4_0_0/sim/design_1_Data_selector4_0_0.v" into library xil_defaultlib
INFO: [VRFC 10-311] analyzing module design_1_Data_selector4_0_0
INFO: [VRFC 10-2263] Analyzing Verilog file "C:/Users/BaSO4/Desktop/study/2023-2024/Vivado/muxnto1/muxnto1.ip_user_files/bd/design_1/ipshared/8a30/Data_selector8.srcs/sources_1/new/Data_selector8.v" into library xil_defaultlib
INFO: [VRFC 10-311] analyzing module Data_selector8
INFO: [VRFC 10-2263] Analyzing Verilog file "C:/Users/BaSO4/Desktop/study/2023-2024/Vivado/muxnto1/muxnto1.ip_user_files/bd/design_1/ip/design_1_Data_selector8_0_0/sim/design_1_Data_selector8_0_0.v" into library xil_defaultlib
INFO: [VRFC 10-311] analyzing module design_1_Data_selector8_0_0
INFO: [VRFC 10-2263] Analyzing Verilog file "C:/Users/BaSO4/Desktop/study/2023-2024/Vivado/muxnto1/muxnto1.ip_user_files/bd/design_1/ip/design_1_Data_selector8_0_1/sim/design_1_Data_selector8_0_1.v" into library xil_defaultlib
INFO: [VRFC 10-311] analyzing module design_1_Data_selector8_0_1
INFO: [VRFC 10-2263] Analyzing Verilog file "C:/Users/BaSO4/Desktop/study/2023-2024/Vivado/muxnto1/muxnto1.ip_user_files/bd/design_1/ip/design_1_Data_selector8_1_0/sim/design_1_Data_selector8_1_0.v" into library xil_defaultlib
INFO: [VRFC 10-311] analyzing module design_1_Data_selector8_1_0
INFO: [VRFC 10-2263] Analyzing Verilog file "C:/Users/BaSO4/Desktop/study/2023-2024/Vivado/muxnto1/muxnto1.ip_user_files/bd/design_1/ip/design_1_Data_selector8_3_0/sim/design_1_Data_selector8_3_0.v" into library xil_defaultlib
INFO: [VRFC 10-311] analyzing module design_1_Data_selector8_3_0
INFO: [VRFC 10-2263] Analyzing Verilog file "C:/Users/BaSO4/Desktop/study/2023-2024/Vivado/muxnto1/muxnto1.ip_user_files/bd/design_1/ipshared/df37/Data_selector16.srcs/sources_1/new/Data_selector16.v" into library xil_defaultlib
INFO: [VRFC 10-311] analyzing module Data_selector16
INFO: [VRFC 10-2263] Analyzing Verilog file "C:/Users/BaSO4/Desktop/study/2023-2024/Vivado/muxnto1/muxnto1.ip_user_files/bd/design_1/ip/design_1_Data_selector16_0_0/sim/design_1_Data_selector16_0_0.v" into library xil_defaultlib
INFO: [VRFC 10-311] analyzing module design_1_Data_selector16_0_0
INFO: [VRFC 10-2263] Analyzing Verilog file "C:/Users/BaSO4/Desktop/study/2023-2024/Vivado/muxnto1/muxnto1.ip_user_files/bd/design_1/sim/design_1.v" into library xil_defaultlib
INFO: [VRFC 10-311] analyzing module design_1
INFO: [VRFC 10-2263] Analyzing Verilog file "C:/Users/BaSO4/Desktop/study/2023-2024/Vivado/muxnto1/muxnto1.srcs/sources_1/bd/design_1/hdl/design_1_wrapper.v" into library xil_defaultlib
INFO: [VRFC 10-311] analyzing module design_1_wrapper
