#-----------------------------------------------------------
# Vivado v2017.4 (64-bit)
# SW Build 2086221 on Fri Dec 15 20:55:39 MST 2017
# IP Build 2085800 on Fri Dec 15 22:25:07 MST 2017
# Start of session at: Wed Nov  1 15:59:37 2023
# Process ID: 87944
# Current directory: C:/Users/BaSO4/Desktop/study/2023-2024/Vivado/Data_selector4
# Command line: vivado.exe -gui_launcher_event rodinguilauncherevent83704 C:\Users\BaSO4\Desktop\study\2023-2024\Vivado\Data_selector4\Data_selector4.xpr
# Log file: C:/Users/BaSO4/Desktop/study/2023-2024/Vivado/Data_selector4/vivado.log
# Journal file: C:/Users/BaSO4/Desktop/study/2023-2024/Vivado/Data_selector4\vivado.jou
#-----------------------------------------------------------
start_gui
open_project C:/Users/BaSO4/Desktop/study/2023-2024/Vivado/Data_selector4/Data_selector4.xpr
Scanning sources...
Finished scanning sources
INFO: [IP_Flow 19-234] Refreshing IP repositories
INFO: [IP_Flow 19-1700] Loaded user IP repository 'c:/Users/BaSO4/Desktop/study/2023-2024/Vivado/Data_selector4'.
INFO: [IP_Flow 19-2313] Loaded Vivado IP repository 'D:/Xlinx/Vivado/2017.4/data/ip'.
update_compile_order -fileset sources_1
exit
INFO: [Common 17-206] Exiting Vivado at Wed Nov  1 19:18:48 2023...
