#-----------------------------------------------------------
# Vivado v2017.4 (64-bit)
# SW Build 2086221 on Fri Dec 15 20:55:39 MST 2017
# IP Build 2085800 on Fri Dec 15 22:25:07 MST 2017
# Start of session at: Fri Oct 27 17:01:12 2023
# Process ID: 46652
# Current directory: C:/Users/BaSO4/Desktop/study/2023-2024/Vivado/Dataselector2
# Command line: vivado.exe -gui_launcher_event rodinguilauncherevent81584 C:\Users\BaSO4\Desktop\study\2023-2024\Vivado\Dataselector2\Dataselector2.xpr
# Log file: C:/Users/BaSO4/Desktop/study/2023-2024/Vivado/Dataselector2/vivado.log
# Journal file: C:/Users/BaSO4/Desktop/study/2023-2024/Vivado/Dataselector2\vivado.jou
#-----------------------------------------------------------
start_gui
open_project C:/Users/BaSO4/Desktop/study/2023-2024/Vivado/Dataselector2/Dataselector2.xpr
Scanning sources...
Finished scanning sources
INFO: [IP_Flow 19-234] Refreshing IP repositories
INFO: [IP_Flow 19-1700] Loaded user IP repository 'c:/Users/BaSO4/Desktop/study/2023-2024/Vivado/Dataselector2'.
INFO: [IP_Flow 19-2313] Loaded Vivado IP repository 'D:/Xlinx/Vivado/2017.4/data/ip'.
update_compile_order -fileset sources_1
exit
INFO: [Common 17-206] Exiting Vivado at Fri Oct 27 17:04:53 2023...
