Copyright 1986-2017 Xilinx, Inc. All Rights Reserved.
-----------------------------------------------------------------------------------------------------------------------------------------------------------
| Tool Version : Vivado v.2017.4 (win64) Build 2086221 Fri Dec 15 20:55:39 MST 2017
| Date         : Fri Oct 27 16:27:16 2023
| Host         : LAPTOP-N4GO34NJ running 64-bit major release  (build 9200)
| Command      : report_methodology -file Control_methodology_drc_routed.rpt -pb Control_methodology_drc_routed.pb -rpx Control_methodology_drc_routed.rpx
| Design       : Control
| Device       : xc7a100tfgg484-1
| Speed File   : -1
| Design State : Routed
-----------------------------------------------------------------------------------------------------------------------------------------------------------

Report Methodology

Table of Contents
-----------------
1. REPORT SUMMARY
2. REPORT DETAILS

1. REPORT SUMMARY
-----------------
            Netlist: netlist
          Floorplan: design_1
      Design limits: <entire design considered>
             Max violations: <unlimited>
             Violations found: 7
+-----------+----------+-------------------+------------+
| Rule      | Severity | Description       | Violations |
+-----------+----------+-------------------+------------+
| TIMING-20 | Warning  | Non-clocked latch | 7          |
+-----------+----------+-------------------+------------+

2. REPORT DETAILS
-----------------
TIMING-20#1 Warning
Non-clocked latch  
The latch out16_reg cannot be properly analyzed as its control pin out16_reg/G is not reached by a timing clock
Related violations: <none>

TIMING-20#2 Warning
Non-clocked latch  
The latch out2_reg/L7 (in out2_reg macro) cannot be properly analyzed as its control pin out2_reg/L7/G is not reached by a timing clock
Related violations: <none>

TIMING-20#3 Warning
Non-clocked latch  
The latch out4_reg cannot be properly analyzed as its control pin out4_reg/G is not reached by a timing clock
Related violations: <none>

TIMING-20#4 Warning
Non-clocked latch  
The latch out8_16_reg cannot be properly analyzed as its control pin out8_16_reg/G is not reached by a timing clock
Related violations: <none>

TIMING-20#5 Warning
Non-clocked latch  
The latch out8_32_reg/L7 (in out8_32_reg macro) cannot be properly analyzed as its control pin out8_32_reg/L7/G is not reached by a timing clock
Related violations: <none>

TIMING-20#6 Warning
Non-clocked latch  
The latch out8_4_reg cannot be properly analyzed as its control pin out8_4_reg/G is not reached by a timing clock
Related violations: <none>

TIMING-20#7 Warning
Non-clocked latch  
The latch out8_reg cannot be properly analyzed as its control pin out8_reg/G is not reached by a timing clock
Related violations: <none>


