#-----------------------------------------------------------
# Vivado v2017.4 (64-bit)
# SW Build 2086221 on Fri Dec 15 20:55:39 MST 2017
# IP Build 2085800 on Fri Dec 15 22:25:07 MST 2017
# Start of session at: Wed Nov 22 14:27:43 2023
# Process ID: 1440
# Current directory: C:/Users/BaSO4/Desktop/study/2023-2024/project/project/counter
# Command line: vivado.exe -gui_launcher_event rodinguilauncherevent23092 C:\Users\BaSO4\Desktop\study\2023-2024\project\project\counter\counter.xpr
# Log file: C:/Users/BaSO4/Desktop/study/2023-2024/project/project/counter/vivado.log
# Journal file: C:/Users/BaSO4/Desktop/study/2023-2024/project/project/counter\vivado.jou
#-----------------------------------------------------------
start_gui
open_project C:/Users/BaSO4/Desktop/study/2023-2024/project/project/counter/counter.xpr
Scanning sources...
Finished scanning sources
INFO: [IP_Flow 19-234] Refreshing IP repositories
INFO: [IP_Flow 19-1700] Loaded user IP repository 'c:/Users/BaSO4/Desktop/study/2023-2024/project/project/counter'.
INFO: [IP_Flow 19-2313] Loaded Vivado IP repository 'D:/Xlinx/Vivado/2017.4/data/ip'.
CRITICAL WARNING: [IP_Flow 19-1663] Duplicate IP found for 'xilinx.com:user:counter:1.0'. The one found in IP location 'c:/Users/BaSO4/Desktop/study/2023-2024/project/project/counter' will take precedence over the same IP in location c:/Users/BaSO4/Desktop/study/2023-2024/project/project/counter/counter.srcs
update_compile_order -fileset sources_1
set_property  ip_repo_paths  {c:/Users/BaSO4/Desktop/study/2023-2024/project/project/counter C:/Users/BaSO4/Desktop/study/2023-2024/project/IPpackage/counter} [current_project]
update_ip_catalog
INFO: [IP_Flow 19-234] Refreshing IP repositories
INFO: [IP_Flow 19-1700] Loaded user IP repository 'c:/Users/BaSO4/Desktop/study/2023-2024/project/project/counter'.
INFO: [IP_Flow 19-1700] Loaded user IP repository 'c:/Users/BaSO4/Desktop/study/2023-2024/project/IPpackage/counter'.
CRITICAL WARNING: [IP_Flow 19-1663] Duplicate IP found for 'xilinx.com:user:counter:1.0'. The one found in IP location 'c:/Users/BaSO4/Desktop/study/2023-2024/project/project/counter' will take precedence over the same IP in locations: 
   c:/Users/BaSO4/Desktop/study/2023-2024/project/project/counter/counter.srcs
   c:/Users/BaSO4/Desktop/study/2023-2024/project/IPpackage/counter
exit
INFO: [Common 17-206] Exiting Vivado at Wed Nov 22 14:30:20 2023...
